<?xml version="1.0" encoding="UTF-8"?>
<testng-results ignored="0" total="1" passed="1" failed="0" skipped="0">
  <reporter-output>
  </reporter-output>
  <suite started-at="2024-10-26T18:20:43 IST" name="Default suite" finished-at="2024-10-26T18:20:46 IST" duration-ms="2864">
    <groups>
    </groups>
    <test started-at="2024-10-26T18:20:43 IST" name="Default test" finished-at="2024-10-26T18:20:46 IST" duration-ms="2864">
      <class name="com.restAssured.RestAssuredPractice.advancedTest">
        <test-method signature="addMapsAPI()[pri:0, instance:com.restAssured.RestAssuredPractice.advancedTest@1a482e36]" started-at="2024-10-26T18:20:43 IST" name="addMapsAPI" finished-at="2024-10-26T18:20:46 IST" duration-ms="2813" status="PASS">
          <reporter-output>
          </reporter-output>
        </test-method> <!-- addMapsAPI -->
      </class> <!-- com.restAssured.RestAssuredPractice.advancedTest -->
    </test> <!-- Default test -->
  </suite> <!-- Default suite -->
</testng-results>
